Lmod Warning: Unknown Option: "silent"




Modules based on Lua: Version 8.7.37   2024-04-09 08:31 +00:00
    by Robert McLay mclay@tacc.utexas.edu

module [options] sub-command [args ...]

Help sub-commands:
------------------
  help                              prints this message
  help                module [...]  print help message from module(s)

Loading/Unloading sub-commands:
-------------------------------
  load | add          module [...]  load module(s)
  try-load | try-add  module [...]  Add module(s), do not complain if not
                                    found
  del | unload        module [...]  Remove module(s), do not complain if not
                                    found
  swap | sw | switch  m1 m2         unload m1 and load m2
  purge                             unload all modules
  refresh                           reload aliases from current list of
                                    modules.
  update                            reload all currently loaded modules.

Listing / Searching sub-commands:
---------------------------------
  list                              List loaded modules
  list                s1 s2 ...     List loaded modules that match the
                                    pattern
  avail | av                        List available modules
  avail | av          string        List available modules that contain
                                    "string".
  category | cat                    List all categories
  category | cat      s1 s2 ...     List all categories that match the
                                    pattern and display their modules
  overview | ov                     List all available modules by short
                                    names with number of versions
  overview | ov       string        List available modules by short names
                                    with number of versions that contain
                                    "string"
  spider                            List all possible modules
  spider              module        List all possible version of that module
                                    file
  spider              string        List all module that contain the
                                    "string".
  spider              name/version  Detailed information about that version
                                    of the module.
  whatis              module        Print whatis information about module
  keyword | key       string        Search all name and whatis that contain
                                    "string".

Searching with Lmod:
--------------------
  All searching (spider, list, avail, keyword) support regular expressions:
  

  -r spider           '^p'          Finds all the modules that start with
                                    `p' or `P'
  -r spider           mpi           Finds all modules that have "mpi" in
                                    their name.
  -r spider           'mpi$         Finds all modules that end with "mpi" in
                                    their name.

Handling a collection of modules:
--------------------------------
  save | s                          Save the current list of modules to a
                                    user defined "default" collection.
  save | s            name          Save the current list of modules to
                                    "name" collection.
  reset                             The same as "restore system"
  restore | r                       Restore modules from the user's
                                    "default" or system default.
  restore | r         name          Restore modules from "name" collection.
  restore             system        Restore module state to system defaults.
  savelist                          List of saved collections.
  describe | mcc      name          Describe the contents of a module
                                    collection.
  disable             name          Disable (i.e. remove) a collection.

Deprecated commands:
--------------------
  getdefault          [name]        load name collection of modules or
                                    user's "default" if no name given.
                                    ===> Use "restore" instead <====
  setdefault          [name]        Save current list of modules to name if
                                    given, otherwise save as the default
                                    list for you the user.
                                    ===> Use "save" instead. <====

Miscellaneous sub-commands:
---------------------------
  is-loaded           modulefile    return a true status if module is loaded
  is-avail            modulefile    return a true status if module can be
                                    loaded
  show                modulefile    show the commands in the module file.
  use [-a]            path          Prepend or Append path to MODULEPATH.
  unuse               path          remove path from MODULEPATH.
  tablelist                         output list of active modules as a lua
                                    table.

Important Environment Variables:
--------------------------------
  LMOD_COLORIZE                     If defined to be "YES" then Lmod prints
                                    properties and warning in color.

    --------------------------------------------------------------------------

Lmod Web Sites

  Documentation:    https://lmod.readthedocs.org
  GitHub:           https://github.com/TACC/Lmod
  SourceForge:      https://lmod.sf.net
  TACC Homepage:    https://www.tacc.utexas.edu/research-development/tacc-projects/lmod

  To report a bug please read https://lmod.readthedocs.io/en/latest/075_bug_reporting.html
    --------------------------------------------------------------------------


GPU CHECK
Wed Dec 11 20:22:02 2024       
+-----------------------------------------------------------------------------------------+
| NVIDIA-SMI 550.54.15              Driver Version: 550.54.15      CUDA Version: 12.4     |
|-----------------------------------------+------------------------+----------------------+
| GPU  Name                 Persistence-M | Bus-Id          Disp.A | Volatile Uncorr. ECC |
| Fan  Temp   Perf          Pwr:Usage/Cap |           Memory-Usage | GPU-Util  Compute M. |
|                                         |                        |               MIG M. |
|=========================================+========================+======================|
|   0  NVIDIA A100-PCIE-40GB          On  |   00000000:25:00.0 Off |                    0 |
| N/A   30C    P0             35W /  250W |   12955MiB /  40960MiB |      0%      Default |
|                                         |                        |             Disabled |
+-----------------------------------------+------------------------+----------------------+
|   1  NVIDIA A100-PCIE-40GB          On  |   00000000:81:00.0 Off |                    0 |
| N/A   25C    P0             32W /  250W |       3MiB /  40960MiB |      0%      Default |
|                                         |                        |             Disabled |
+-----------------------------------------+------------------------+----------------------+
|   2  NVIDIA A100-PCIE-40GB          On  |   00000000:E2:00.0 Off |                    0 |
| N/A   27C    P0             33W /  250W |       3MiB /  40960MiB |      0%      Default |
|                                         |                        |             Disabled |
+-----------------------------------------+------------------------+----------------------+
                                                                                         
+-----------------------------------------------------------------------------------------+
| Processes:                                                                              |
|  GPU   GI   CI        PID   Type   Process name                              GPU Memory |
|        ID   ID                                                               Usage      |
|=========================================================================================|
|    0   N/A  N/A   3597967      C   python                                      12946MiB |
+-----------------------------------------------------------------------------------------+
===============================================================================================================
PYTHON SCRIPT:
wandb: Using wandb-core as the SDK backend.  Please refer to https://wandb.me/wandb-core for more information.
wandb: Currently logged in as: richard-archer (yale-som). Use `wandb login --relogin` to force relogin
wandb: Tracking run with wandb version 0.18.6
wandb: Run data is saved locally in /gpfs/home/rka28/essay_grader/wandb/run-20241211_202209-oxp5b4jf
wandb: Run `wandb offline` to turn off syncing.
wandb: Syncing run essay_mymethod00
wandb: ⭐️ View project at https://wandb.ai/yale-som/optim00
wandb: 🚀 View run at https://wandb.ai/yale-som/optim00/runs/oxp5b4jf
Traceback (most recent call last):
  File "/gpfs/home/rka28/.conda/envs/gofaster00/lib/python3.12/site-packages/transformers/utils/hub.py", line 403, in cached_file
    resolved_file = hf_hub_download(
                    ^^^^^^^^^^^^^^^^
  File "/gpfs/home/rka28/.conda/envs/gofaster00/lib/python3.12/site-packages/huggingface_hub/utils/_validators.py", line 106, in _inner_fn
    validate_repo_id(arg_value)
  File "/gpfs/home/rka28/.conda/envs/gofaster00/lib/python3.12/site-packages/huggingface_hub/utils/_validators.py", line 154, in validate_repo_id
    raise HFValidationError(
huggingface_hub.errors.HFValidationError: Repo id must be in the form 'repo_name' or 'namespace/repo_name': '/home/richardarcher/Dropbox/Sci24_LLM_Polarization/project_/weights_local/models--meta-llama--Meta-Llama-3.1-8B-Instruct/snapshots/0e9e39f249a16976918f6564b8830bc894c89659'. Use `repo_type` argument if needed.

The above exception was the direct cause of the following exception:

Traceback (most recent call last):
  File "/gpfs/home/rka28/essay_grader/mymethod.py", line 233, in <module>
    main()
  File "/gpfs/home/rka28/essay_grader/mymethod.py", line 156, in main
    tokenizer = AutoTokenizer.from_pretrained(
                ^^^^^^^^^^^^^^^^^^^^^^^^^^^^^^
  File "/gpfs/home/rka28/.conda/envs/gofaster00/lib/python3.12/site-packages/transformers/models/auto/tokenization_auto.py", line 857, in from_pretrained
    tokenizer_config = get_tokenizer_config(pretrained_model_name_or_path, **kwargs)
                       ^^^^^^^^^^^^^^^^^^^^^^^^^^^^^^^^^^^^^^^^^^^^^^^^^^^^^^^^^^^^^
  File "/gpfs/home/rka28/.conda/envs/gofaster00/lib/python3.12/site-packages/transformers/models/auto/tokenization_auto.py", line 689, in get_tokenizer_config
    resolved_config_file = cached_file(
                           ^^^^^^^^^^^^
  File "/gpfs/home/rka28/.conda/envs/gofaster00/lib/python3.12/site-packages/transformers/utils/hub.py", line 469, in cached_file
    raise EnvironmentError(
OSError: Incorrect path_or_model_id: '/home/richardarcher/Dropbox/Sci24_LLM_Polarization/project_/weights_local/models--meta-llama--Meta-Llama-3.1-8B-Instruct/snapshots/0e9e39f249a16976918f6564b8830bc894c89659'. Please provide either the path to a local folder or the repo_id of a model on the Hub.
[1;34mwandb[0m: 🚀 View run [33messay_mymethod00[0m at: [34mhttps://wandb.ai/yale-som/optim00/runs/oxp5b4jf[0m
[1;34mwandb[0m: Find logs at: [1;35mwandb/run-20241211_202209-oxp5b4jf/logs[0m
Traceback (most recent call last):
  File "/gpfs/home/rka28/.conda/envs/gofaster00/bin/accelerate", line 10, in <module>
    sys.exit(main())
             ^^^^^^
  File "/gpfs/home/rka28/.conda/envs/gofaster00/lib/python3.12/site-packages/accelerate/commands/accelerate_cli.py", line 48, in main
    args.func(args)
  File "/gpfs/home/rka28/.conda/envs/gofaster00/lib/python3.12/site-packages/accelerate/commands/launch.py", line 1168, in launch_command
    simple_launcher(args)
  File "/gpfs/home/rka28/.conda/envs/gofaster00/lib/python3.12/site-packages/accelerate/commands/launch.py", line 763, in simple_launcher
    raise subprocess.CalledProcessError(returncode=process.returncode, cmd=cmd)
subprocess.CalledProcessError: Command '['/gpfs/home/rka28/.conda/envs/gofaster00/bin/python3.12', 'mymethod.py']' returned non-zero exit status 1.
python path executed
SBATCH FINISHED
